TN:
SF:E:/Sources/HCL/front-end/ng6Platform/src/polyfills.ts
FNF:0
FNH:0
DA:46,1
DA:74,1
LF:2
LH:2
BRF:0
BRH:0
end_of_record
TN:
SF:E:/Sources/HCL/front-end/ng6Platform/src/test.ts
FNF:0
FNH:0
DA:3,1
DA:4,1
DA:5,1
DA:13,1
DA:18,1
DA:20,1
LF:6
LH:6
BRF:0
BRH:0
end_of_record
TN:
SF:E:/Sources/HCL/front-end/ng6Platform/src/app/app.setting.ts
FN:6,(anonymous_0)
FN:27,(anonymous_2)
FN:33,(anonymous_3)
FN:39,(anonymous_4)
FN:47,(anonymous_5)
FNF:5
FNH:1
FNDA:1,(anonymous_0)
FNDA:0,(anonymous_2)
FNDA:0,(anonymous_3)
FNDA:0,(anonymous_4)
FNDA:0,(anonymous_5)
DA:6,1
DA:9,1
DA:12,1
DA:14,1
DA:16,1
DA:18,1
DA:20,1
DA:22,1
DA:27,1
DA:28,0
DA:29,0
DA:33,1
DA:34,0
DA:39,1
DA:41,0
DA:42,0
DA:47,1
DA:48,0
DA:49,0
DA:50,0
DA:53,0
DA:54,0
DA:59,1
LF:23
LH:13
BRDA:49,0,0,0
BRDA:49,0,1,0
BRF:2
BRH:0
end_of_record
TN:
SF:E:/Sources/HCL/front-end/ng6Platform/src/app/models/administration/account.ts
FN:2,(anonymous_0)
FN:3,Login
FN:9,(anonymous_2)
FN:10,UserProfile
FNF:4
FNH:4
FNDA:1,(anonymous_0)
FNDA:1,Login
FNDA:1,(anonymous_2)
FNDA:1,UserProfile
DA:2,1
DA:4,1
DA:5,1
DA:7,1
DA:9,1
DA:11,1
DA:12,1
DA:13,1
DA:14,1
DA:16,1
LF:10
LH:10
BRF:0
BRH:0
end_of_record
TN:
SF:E:/Sources/HCL/front-end/ng6Platform/src/app/models/administration/to-do.ts
FN:2,(anonymous_0)
FN:3,ToDo
FN:13,(anonymous_2)
FN:14,ToDoManagement
FNF:4
FNH:4
FNDA:1,(anonymous_0)
FNDA:3,ToDo
FNDA:1,(anonymous_2)
FNDA:1,ToDoManagement
DA:2,1
DA:4,3
DA:5,3
DA:6,3
DA:7,3
DA:8,3
DA:9,3
DA:11,1
DA:13,1
DA:15,1
DA:16,1
DA:17,1
DA:18,1
DA:19,1
DA:20,1
DA:22,1
LF:16
LH:16
BRF:0
BRH:0
end_of_record
TN:
SF:E:/Sources/HCL/front-end/ng6Platform/src/app/models/platform/jason-web-token.ts
FN:2,(anonymous_0)
FN:3,JasonWebToken
FNF:2
FNH:2
FNDA:1,(anonymous_0)
FNDA:1,JasonWebToken
DA:2,1
DA:3,1
DA:4,1
LF:3
LH:3
BRF:0
BRH:0
end_of_record
TN:
SF:E:/Sources/HCL/front-end/ng6Platform/src/app/models/platform/look-up.ts
FN:2,(anonymous_0)
FN:3,LookUp
FNF:2
FNH:2
FNDA:1,(anonymous_0)
FNDA:2,LookUp
DA:2,1
DA:4,2
DA:5,2
DA:8,1
LF:4
LH:4
BRF:0
BRH:0
end_of_record
TN:
SF:E:/Sources/HCL/front-end/ng6Platform/src/app/models/platform/result.ts
FN:3,(anonymous_0)
FN:4,Result
FNF:2
FNH:2
FNDA:1,(anonymous_0)
FNDA:9,Result
DA:3,1
DA:5,18
DA:6,18
DA:7,18
DA:8,18
DA:9,18
DA:10,18
DA:11,18
DA:15,1
LF:9
LH:9
BRDA:5,0,0,0
BRDA:5,0,1,9
BRDA:6,1,0,0
BRDA:6,1,1,9
BRDA:7,2,0,0
BRDA:7,2,1,9
BRDA:8,3,0,0
BRDA:8,3,1,9
BRDA:9,4,0,0
BRDA:9,4,1,9
BRDA:10,5,0,0
BRDA:10,5,1,9
BRDA:11,6,0,0
BRDA:11,6,1,9
BRF:14
BRH:7
end_of_record
TN:
SF:E:/Sources/HCL/front-end/ng6Platform/src/app/services/administration/account.service.ts
FN:15,(anonymous_2)
FN:19,AccountService
FN:24,(anonymous_4)
FN:32,(anonymous_5)
FNF:4
FNH:4
FNDA:1,(anonymous_2)
FNDA:2,AccountService
FNDA:1,(anonymous_4)
FNDA:1,(anonymous_5)
DA:2,1
DA:4,1
DA:6,1
DA:15,1
DA:17,2
DA:19,2
DA:20,2
DA:24,1
DA:26,1
DA:28,1
DA:32,1
DA:34,1
DA:36,1
DA:43,1
LF:14
LH:14
BRF:0
BRH:0
end_of_record
TN:
SF:E:/Sources/HCL/front-end/ng6Platform/src/app/services/administration/to-do.service.ts
FN:9,(anonymous_7)
FN:11,ToDoService
FNF:2
FNH:2
FNDA:1,(anonymous_7)
FNDA:5,ToDoService
DA:2,1
DA:3,1
DA:4,1
DA:9,1
DA:11,5
DA:12,5
DA:15,1
LF:7
LH:7
BRDA:12,0,0,5
BRDA:12,0,1,5
BRF:2
BRH:2
end_of_record
TN:
SF:E:/Sources/HCL/front-end/ng6Platform/src/app/services/look-up/assignee.service.ts
FN:10,(anonymous_7)
FN:12,AssigneeService
FNF:2
FNH:2
FNDA:1,(anonymous_7)
FNDA:1,AssigneeService
DA:3,1
DA:4,1
DA:5,1
DA:10,1
DA:12,1
DA:13,1
DA:17,1
LF:7
LH:7
BRDA:13,0,0,1
BRDA:13,0,1,1
BRF:2
BRH:2
end_of_record
TN:
SF:E:/Sources/HCL/front-end/ng6Platform/src/app/services/look-up/to-do-status-type.service.ts
FN:10,(anonymous_7)
FN:12,ToDoStatusTypeService
FNF:2
FNH:2
FNDA:1,(anonymous_7)
FNDA:1,ToDoStatusTypeService
DA:3,1
DA:4,1
DA:5,1
DA:10,1
DA:12,1
DA:13,1
DA:17,1
LF:7
LH:7
BRDA:13,0,0,1
BRDA:13,0,1,1
BRF:2
BRH:2
end_of_record
TN:
SF:E:/Sources/HCL/front-end/ng6Platform/src/app/services/platform/entity.service.ts
FN:9,(anonymous_2)
FN:11,EntityService
FN:20,(anonymous_4)
FN:27,(anonymous_5)
FN:33,(anonymous_6)
FN:40,(anonymous_7)
FN:48,(anonymous_8)
FN:55,(anonymous_9)
FNF:8
FNH:7
FNDA:1,(anonymous_2)
FNDA:5,EntityService
FNDA:0,(anonymous_4)
FNDA:1,(anonymous_5)
FNDA:1,(anonymous_6)
FNDA:1,(anonymous_7)
FNDA:1,(anonymous_8)
FNDA:1,(anonymous_9)
DA:3,1
DA:4,1
DA:9,1
DA:12,5
DA:13,5
DA:15,5
DA:18,6
DA:20,1
DA:21,0
DA:27,1
DA:29,1
DA:30,1
DA:33,1
DA:35,1
DA:36,1
DA:40,1
DA:42,1
DA:44,1
DA:48,1
DA:50,1
DA:51,1
DA:55,1
DA:57,1
DA:58,1
DA:65,1
LF:25
LH:24
BRF:0
BRH:0
end_of_record
TN:
SF:E:/Sources/HCL/front-end/ng6Platform/src/app/services/platform/look-up.service.ts
FN:9,(anonymous_0)
FN:11,LookUpService
FN:20,(anonymous_2)
FNF:3
FNH:3
FNDA:1,(anonymous_0)
FNDA:2,LookUpService
FNDA:2,(anonymous_2)
DA:3,1
DA:9,1
DA:12,2
DA:13,2
DA:15,2
DA:20,1
DA:22,2
DA:23,2
DA:30,1
LF:9
LH:9
BRF:0
BRH:0
end_of_record
